<?xml version="1.0" encoding="UTF-8"?>
<!-- Generated by org.testng.reporters.JUnitReportReporter -->
<testsuite skipped="0" hostname="NEWNODE64" name="com.qa.screenshots.ScreenshootGoogle" tests="1" failures="0" timestamp="04 Jul 2018 07:00:02 GMT" time="7.332" errors="0">
  <testcase name="TestJavaS1" time="7.332" classname="com.qa.screenshots.ScreenshootGoogle"/>
</testsuite> <!-- com.qa.screenshots.ScreenshootGoogle -->
