<?xml version="1.0" encoding="UTF-8"?>
<!-- Generated by org.testng.reporters.JUnitReportReporter -->
<testsuite skipped="0" hostname="NEWNODE64" name="com.qa.screenshots.LaunchingNewWebSite" tests="1" failures="0" timestamp="04 Jul 2018 08:18:16 GMT" time="9.646" errors="0">
  <testcase name="newPageLaunch" time="9.646" classname="com.qa.screenshots.LaunchingNewWebSite"/>
</testsuite> <!-- com.qa.screenshots.LaunchingNewWebSite -->
